{
  "RSpec": {
    "coverage": {
      "/Users/seanphillips/Projects/week-ten/bank/spec/atm_spec.rb": {
        "lines": [
          null,
          null,
          1,
          null,
          1,
          1,
          1,
          null,
          5,
          null,
          1,
          4,
          null,
          1,
          1,
          1,
          null,
          null,
          null,
          1,
          1,
          1,
          1,
          null,
          null,
          1,
          2,
          null,
          null,
          null,
          1,
          null,
          null,
          1,
          1,
          1,
          null,
          null,
          null
        ]
      },
      "/Users/seanphillips/Projects/week-ten/bank/lib/ATM.rb": {
        "lines": [
          null,
          null,
          1,
          1,
          1,
          null,
          1,
          1,
          4,
          4,
          4,
          null,
          null,
          1,
          4,
          4,
          null,
          null,
          1,
          2,
          null,
          1,
          1,
          null,
          null,
          1,
          0,
          null,
          null,
          1,
          3,
          null,
          null,
          1,
          null,
          1,
          null
        ]
      },
      "/Users/seanphillips/Projects/week-ten/bank/lib/transaction_history.rb": {
        "lines": [
          null,
          null,
          null,
          1,
          null,
          1,
          1,
          5,
          5,
          null,
          null,
          1,
          6,
          null,
          null,
          1,
          null
        ]
      },
      "/Users/seanphillips/Projects/week-ten/bank/lib/transaction.rb": {
        "lines": [
          null,
          null,
          null,
          1,
          1,
          null,
          1,
          10,
          10,
          10,
          10,
          null,
          null,
          1,
          2,
          null,
          null,
          1,
          2,
          null,
          null
        ]
      },
      "/Users/seanphillips/Projects/week-ten/bank/lib/statement.rb": {
        "lines": [
          null,
          null,
          null,
          1,
          1,
          2,
          null,
          null,
          1,
          1,
          1,
          0,
          null,
          null,
          null
        ]
      },
      "/Users/seanphillips/Projects/week-ten/bank/lib/balance.rb": {
        "lines": [
          null,
          null,
          null,
          1,
          1,
          7,
          null,
          null,
          1,
          13,
          null,
          null,
          1,
          8,
          null,
          null,
          1,
          2,
          null,
          null,
          1,
          null,
          1,
          null
        ]
      },
      "/Users/seanphillips/Projects/week-ten/bank/spec/balance_spec.rb": {
        "lines": [
          null,
          null,
          1,
          null,
          1,
          4,
          1,
          3,
          null,
          null,
          1,
          1,
          1,
          null,
          null,
          null,
          1,
          1,
          1,
          1,
          null,
          null,
          null,
          1,
          1,
          1,
          1,
          null,
          null,
          null
        ]
      },
      "/Users/seanphillips/Projects/week-ten/bank/spec/statement_spec.rb": {
        "lines": [
          null,
          null,
          1,
          null,
          1,
          1,
          1,
          1,
          null,
          null,
          null,
          1,
          1,
          1,
          1,
          1,
          1,
          1,
          null,
          null,
          null,
          null,
          null,
          null,
          null
        ]
      },
      "/Users/seanphillips/Projects/week-ten/bank/spec/transaction_history_spec.rb": {
        "lines": [
          null,
          null,
          1,
          null,
          1,
          2,
          2,
          2,
          2,
          2,
          null,
          1,
          1,
          1,
          1,
          null,
          null,
          null
        ]
      },
      "/Users/seanphillips/Projects/week-ten/bank/spec/transaction_spec.rb": {
        "lines": [
          null,
          null,
          1,
          null,
          1,
          6,
          4,
          3,
          6,
          4,
          3,
          2,
          null,
          1,
          1,
          1,
          1,
          1,
          1,
          null,
          null,
          1,
          1,
          1,
          null,
          1,
          1,
          null,
          null,
          null,
          1,
          1,
          1,
          null,
          1,
          1,
          null,
          null,
          null
        ]
      }
    },
    "timestamp": 1628075856
  }
}
